2025-10-28 09:48:31 [INFO] - Init Global Variable
2025-10-28 09:48:31 [INFO] - HTTP Request: GET https://rfiycxgjbnkefczvbosm.supabase.co/rest/v1/idx_company_profile?select=symbol "HTTP/2 200 OK"
2025-10-28 09:48:32 [INFO] - [RUPS SCRAPER] Scraping completed. Total records collected: 1
2025-10-28 09:48:32 [INFO] - Data to inserted: PZZA.JK | date: 2025-10-28
2025-10-31 18:15:18 [INFO] - Init Global Variable
2025-10-31 18:15:20 [INFO] - [RUPS SCRAPER] Scraping completed. Total records collected: 3
2025-10-31 18:15:20 [INFO] - Data to inserted: YUPI.JK | date: 2025-10-31
2025-10-31 18:15:20 [INFO] - Data to inserted: DMMX.JK | date: 2025-10-31
2025-10-31 18:15:20 [INFO] - Data to inserted: NFCX.JK | date: 2025-10-31
2025-10-31 18:15:21 [INFO] - Successfully upserted 3 data to database
2025-10-31 18:22:21 [INFO] - Init Global Variable
2025-10-31 18:22:24 [INFO] - [WARRANT SCRAPER] Scraping completed. Total records collected: 0
2025-10-31 18:22:24 [INFO] - No records to upsert for scraper 'scraper_warrant' with cutoff 2025-10-24 18:22:22.473085. Skipping DB insert.
2025-10-31 18:24:42 [INFO] - Init Global Variable
2025-10-31 18:24:45 [INFO] - [RIGHT SCRAPER] Scraping completed. Total records collected: 0
2025-10-31 18:24:45 [INFO] - No records to upsert for scraper 'scraper_right' with cutoff 2025-10-24 18:24:43.837349. Skipping DB insert.
2025-10-31 18:34:19 [INFO] - Init Global Variable
2025-10-31 18:34:21 [INFO] - [BONUS SCRAPER] Scraping completed. Total records collected: 1
2025-10-31 18:34:21 [INFO] - Data to inserted: MMIX.JK | date: 2025-10-27
2025-10-31 18:34:22 [INFO] - Successfully upserted 1 data to database
2025-11-07 18:14:44 [INFO] - Init Global Variable
2025-11-07 18:14:47 [INFO] - [RUPS SCRAPER] Scraping completed. Total records collected: 0
2025-11-07 18:14:47 [INFO] - No records to upsert for scraper 'scraper_rups' with cutoff 2025-11-06 18:14:45.884500. Skipping DB insert.
2025-11-07 18:33:10 [INFO] - Init Global Variable
2025-11-07 18:33:13 [ERROR] - No data table found on page. Stopping scrape.
2025-11-07 18:33:13 [INFO] - [BONUS SCRAPER] Scraping completed. Total records collected: 0
2025-11-07 18:33:13 [INFO] - No records to upsert for scraper 'scraper_bonus' with cutoff 2025-10-31 18:33:12.118952. Skipping DB insert.
